<?xml version="1.0" encoding="UTF-8"?>
<coverage generated="1582922367942" clover="3.2.0">
  <project timestamp="1582922367942" name="All files">
    <metrics statements="54" coveredstatements="18" conditionals="56" coveredconditionals="3" methods="10" coveredmethods="5" elements="120" coveredelements="26" complexity="0" loc="54" ncloc="54" packages="1" files="1" classes="1"/>
    <file name="game.js" path="/home/laguan/Proyects/Microverse/JS/TicTacToe-JS/src/js/game.js">
      <metrics statements="54" coveredstatements="18" conditionals="56" coveredconditionals="3" methods="10" coveredmethods="5"/>
      <line num="2" count="1" type="stmt"/>
      <line num="3" count="1" type="stmt"/>
      <line num="4" count="1" type="stmt"/>
      <line num="5" count="1" type="stmt"/>
      <line num="6" count="1" type="stmt"/>
      <line num="7" count="3" type="stmt"/>
      <line num="8" count="2" type="cond" truecount="2" falsecount="0"/>
      <line num="9" count="1" type="stmt"/>
      <line num="10" count="2" type="cond" truecount="1" falsecount="1"/>
      <line num="11" count="2" type="stmt"/>
      <line num="12" count="2" type="stmt"/>
      <line num="13" count="2" type="stmt"/>
      <line num="15" count="1" type="stmt"/>
      <line num="16" count="0" type="cond" truecount="0" falsecount="5"/>
      <line num="19" count="0" type="stmt"/>
      <line num="25" count="0" type="cond" truecount="0" falsecount="5"/>
      <line num="28" count="0" type="stmt"/>
      <line num="34" count="0" type="cond" truecount="0" falsecount="5"/>
      <line num="37" count="0" type="stmt"/>
      <line num="43" count="0" type="stmt"/>
      <line num="45" count="1" type="stmt"/>
      <line num="46" count="0" type="cond" truecount="0" falsecount="5"/>
      <line num="49" count="0" type="stmt"/>
      <line num="55" count="0" type="cond" truecount="0" falsecount="5"/>
      <line num="58" count="0" type="stmt"/>
      <line num="64" count="0" type="cond" truecount="0" falsecount="5"/>
      <line num="67" count="0" type="stmt"/>
      <line num="73" count="0" type="stmt"/>
      <line num="75" count="1" type="stmt"/>
      <line num="76" count="0" type="cond" truecount="0" falsecount="5"/>
      <line num="79" count="0" type="stmt"/>
      <line num="85" count="0" type="cond" truecount="0" falsecount="5"/>
      <line num="88" count="0" type="stmt"/>
      <line num="94" count="0" type="stmt"/>
      <line num="96" count="1" type="stmt"/>
      <line num="97" count="0" type="cond" truecount="0" falsecount="4"/>
      <line num="98" count="0" type="stmt"/>
      <line num="103" count="0" type="stmt"/>
      <line num="104" count="0" type="cond" truecount="0" falsecount="2"/>
      <line num="105" count="0" type="stmt"/>
      <line num="107" count="0" type="stmt"/>
      <line num="108" count="0" type="cond" truecount="0" falsecount="2"/>
      <line num="109" count="0" type="stmt"/>
      <line num="111" count="0" type="stmt"/>
      <line num="112" count="0" type="cond" truecount="0" falsecount="2"/>
      <line num="113" count="0" type="stmt"/>
      <line num="115" count="0" type="cond" truecount="0" falsecount="2"/>
      <line num="116" count="0" type="stmt"/>
      <line num="120" count="0" type="stmt"/>
      <line num="122" count="1" type="stmt"/>
      <line num="123" count="0" type="stmt"/>
      <line num="124" count="0" type="stmt"/>
      <line num="125" count="0" type="stmt"/>
      <line num="128" count="1" type="stmt"/>
    </file>
  </project>
</coverage>
