{"/home/laguan/Proyects/Microverse/JS/TicTacToe-JS/src/js/game.js": {"path":"/home/laguan/Proyects/Microverse/JS/TicTacToe-JS/src/js/game.js","statementMap":{"0":{"start":{"line":2,"column":13},"end":{"line":135,"column":4}},"1":{"start":{"line":3,"column":23},"end":{"line":3,"column":50}},"2":{"start":{"line":4,"column":13},"end":{"line":4,"column":14}},"3":{"start":{"line":5,"column":14},"end":{"line":5,"column":31}},"4":{"start":{"line":6,"column":19},"end":{"line":6,"column":29}},"5":{"start":{"line":6,"column":25},"end":{"line":6,"column":29}},"6":{"start":{"line":7,"column":20},"end":{"line":7,"column":31}},"7":{"start":{"line":7,"column":26},"end":{"line":7,"column":31}},"8":{"start":{"line":8,"column":21},"end":{"line":8,"column":70}},"9":{"start":{"line":8,"column":31},"end":{"line":8,"column":70}},"10":{"start":{"line":9,"column":21},"end":{"line":14,"column":3}},"11":{"start":{"line":10,"column":4},"end":{"line":10,"column":40}},"12":{"start":{"line":10,"column":27},"end":{"line":10,"column":40}},"13":{"start":{"line":11,"column":4},"end":{"line":11,"column":24}},"14":{"start":{"line":12,"column":4},"end":{"line":12,"column":14}},"15":{"start":{"line":13,"column":4},"end":{"line":13,"column":16}},"16":{"start":{"line":15,"column":21},"end":{"line":44,"column":3}},"17":{"start":{"line":16,"column":4},"end":{"line":24,"column":5}},"18":{"start":{"line":19,"column":6},"end":{"line":23,"column":8}},"19":{"start":{"line":25,"column":4},"end":{"line":33,"column":5}},"20":{"start":{"line":28,"column":6},"end":{"line":32,"column":8}},"21":{"start":{"line":34,"column":4},"end":{"line":42,"column":5}},"22":{"start":{"line":37,"column":6},"end":{"line":41,"column":8}},"23":{"start":{"line":43,"column":4},"end":{"line":43,"column":28}},"24":{"start":{"line":45,"column":24},"end":{"line":74,"column":3}},"25":{"start":{"line":46,"column":4},"end":{"line":54,"column":5}},"26":{"start":{"line":49,"column":6},"end":{"line":53,"column":8}},"27":{"start":{"line":55,"column":4},"end":{"line":63,"column":5}},"28":{"start":{"line":58,"column":6},"end":{"line":62,"column":8}},"29":{"start":{"line":64,"column":4},"end":{"line":72,"column":5}},"30":{"start":{"line":67,"column":6},"end":{"line":71,"column":8}},"31":{"start":{"line":73,"column":4},"end":{"line":73,"column":28}},"32":{"start":{"line":75,"column":26},"end":{"line":95,"column":3}},"33":{"start":{"line":76,"column":4},"end":{"line":84,"column":5}},"34":{"start":{"line":79,"column":6},"end":{"line":83,"column":8}},"35":{"start":{"line":85,"column":4},"end":{"line":93,"column":5}},"36":{"start":{"line":88,"column":6},"end":{"line":92,"column":8}},"37":{"start":{"line":94,"column":4},"end":{"line":94,"column":28}},"38":{"start":{"line":96,"column":20},"end":{"line":121,"column":3}},"39":{"start":{"line":97,"column":4},"end":{"line":102,"column":5}},"40":{"start":{"line":98,"column":6},"end":{"line":101,"column":8}},"41":{"start":{"line":103,"column":17},"end":{"line":103,"column":34}},"42":{"start":{"line":104,"column":4},"end":{"line":106,"column":5}},"43":{"start":{"line":105,"column":6},"end":{"line":105,"column":18}},"44":{"start":{"line":107,"column":20},"end":{"line":107,"column":40}},"45":{"start":{"line":108,"column":4},"end":{"line":110,"column":5}},"46":{"start":{"line":109,"column":6},"end":{"line":109,"column":21}},"47":{"start":{"line":111,"column":22},"end":{"line":111,"column":44}},"48":{"start":{"line":112,"column":4},"end":{"line":114,"column":5}},"49":{"start":{"line":113,"column":6},"end":{"line":113,"column":23}},"50":{"start":{"line":115,"column":4},"end":{"line":119,"column":5}},"51":{"start":{"line":116,"column":6},"end":{"line":118,"column":8}},"52":{"start":{"line":120,"column":4},"end":{"line":120,"column":28}},"53":{"start":{"line":122,"column":21},"end":{"line":126,"column":3}},"54":{"start":{"line":123,"column":4},"end":{"line":123,"column":13}},"55":{"start":{"line":124,"column":4},"end":{"line":124,"column":30}},"56":{"start":{"line":125,"column":4},"end":{"line":125,"column":17}},"57":{"start":{"line":128,"column":2},"end":{"line":134,"column":4}}},"fnMap":{"0":{"name":"(anonymous_0)","decl":{"start":{"line":2,"column":14},"end":{"line":2,"column":15}},"loc":{"start":{"line":2,"column":20},"end":{"line":135,"column":1}},"line":2},"1":{"name":"(anonymous_1)","decl":{"start":{"line":6,"column":19},"end":{"line":6,"column":20}},"loc":{"start":{"line":6,"column":25},"end":{"line":6,"column":29}},"line":6},"2":{"name":"(anonymous_2)","decl":{"start":{"line":7,"column":20},"end":{"line":7,"column":21}},"loc":{"start":{"line":7,"column":26},"end":{"line":7,"column":31}},"line":7},"3":{"name":"(anonymous_3)","decl":{"start":{"line":8,"column":21},"end":{"line":8,"column":22}},"loc":{"start":{"line":8,"column":31},"end":{"line":8,"column":70}},"line":8},"4":{"name":"(anonymous_4)","decl":{"start":{"line":9,"column":21},"end":{"line":9,"column":22}},"loc":{"start":{"line":9,"column":38},"end":{"line":14,"column":3}},"line":9},"5":{"name":"(anonymous_5)","decl":{"start":{"line":15,"column":21},"end":{"line":15,"column":22}},"loc":{"start":{"line":15,"column":30},"end":{"line":44,"column":3}},"line":15},"6":{"name":"(anonymous_6)","decl":{"start":{"line":45,"column":24},"end":{"line":45,"column":25}},"loc":{"start":{"line":45,"column":33},"end":{"line":74,"column":3}},"line":45},"7":{"name":"(anonymous_7)","decl":{"start":{"line":75,"column":26},"end":{"line":75,"column":27}},"loc":{"start":{"line":75,"column":35},"end":{"line":95,"column":3}},"line":75},"8":{"name":"(anonymous_8)","decl":{"start":{"line":96,"column":20},"end":{"line":96,"column":21}},"loc":{"start":{"line":96,"column":31},"end":{"line":121,"column":3}},"line":96},"9":{"name":"(anonymous_9)","decl":{"start":{"line":122,"column":21},"end":{"line":122,"column":22}},"loc":{"start":{"line":122,"column":27},"end":{"line":126,"column":3}},"line":122}},"branchMap":{"0":{"loc":{"start":{"line":8,"column":31},"end":{"line":8,"column":70}},"type":"binary-expr","locations":[{"start":{"line":8,"column":31},"end":{"line":8,"column":48}},{"start":{"line":8,"column":52},"end":{"line":8,"column":70}}],"line":8},"1":{"loc":{"start":{"line":10,"column":4},"end":{"line":10,"column":40}},"type":"if","locations":[{"start":{"line":10,"column":4},"end":{"line":10,"column":40}},{"start":{"line":10,"column":4},"end":{"line":10,"column":40}}],"line":10},"2":{"loc":{"start":{"line":16,"column":4},"end":{"line":24,"column":5}},"type":"if","locations":[{"start":{"line":16,"column":4},"end":{"line":24,"column":5}},{"start":{"line":16,"column":4},"end":{"line":24,"column":5}}],"line":16},"3":{"loc":{"start":{"line":16,"column":8},"end":{"line":18,"column":32}},"type":"binary-expr","locations":[{"start":{"line":16,"column":8},"end":{"line":16,"column":29}},{"start":{"line":17,"column":11},"end":{"line":17,"column":32}},{"start":{"line":18,"column":11},"end":{"line":18,"column":32}}],"line":16},"4":{"loc":{"start":{"line":25,"column":4},"end":{"line":33,"column":5}},"type":"if","locations":[{"start":{"line":25,"column":4},"end":{"line":33,"column":5}},{"start":{"line":25,"column":4},"end":{"line":33,"column":5}}],"line":25},"5":{"loc":{"start":{"line":25,"column":8},"end":{"line":27,"column":32}},"type":"binary-expr","locations":[{"start":{"line":25,"column":8},"end":{"line":25,"column":29}},{"start":{"line":26,"column":11},"end":{"line":26,"column":32}},{"start":{"line":27,"column":11},"end":{"line":27,"column":32}}],"line":25},"6":{"loc":{"start":{"line":34,"column":4},"end":{"line":42,"column":5}},"type":"if","locations":[{"start":{"line":34,"column":4},"end":{"line":42,"column":5}},{"start":{"line":34,"column":4},"end":{"line":42,"column":5}}],"line":34},"7":{"loc":{"start":{"line":34,"column":8},"end":{"line":36,"column":32}},"type":"binary-expr","locations":[{"start":{"line":34,"column":8},"end":{"line":34,"column":29}},{"start":{"line":35,"column":11},"end":{"line":35,"column":32}},{"start":{"line":36,"column":11},"end":{"line":36,"column":32}}],"line":34},"8":{"loc":{"start":{"line":46,"column":4},"end":{"line":54,"column":5}},"type":"if","locations":[{"start":{"line":46,"column":4},"end":{"line":54,"column":5}},{"start":{"line":46,"column":4},"end":{"line":54,"column":5}}],"line":46},"9":{"loc":{"start":{"line":46,"column":8},"end":{"line":48,"column":32}},"type":"binary-expr","locations":[{"start":{"line":46,"column":8},"end":{"line":46,"column":29}},{"start":{"line":47,"column":11},"end":{"line":47,"column":32}},{"start":{"line":48,"column":11},"end":{"line":48,"column":32}}],"line":46},"10":{"loc":{"start":{"line":55,"column":4},"end":{"line":63,"column":5}},"type":"if","locations":[{"start":{"line":55,"column":4},"end":{"line":63,"column":5}},{"start":{"line":55,"column":4},"end":{"line":63,"column":5}}],"line":55},"11":{"loc":{"start":{"line":55,"column":8},"end":{"line":57,"column":32}},"type":"binary-expr","locations":[{"start":{"line":55,"column":8},"end":{"line":55,"column":29}},{"start":{"line":56,"column":11},"end":{"line":56,"column":32}},{"start":{"line":57,"column":11},"end":{"line":57,"column":32}}],"line":55},"12":{"loc":{"start":{"line":64,"column":4},"end":{"line":72,"column":5}},"type":"if","locations":[{"start":{"line":64,"column":4},"end":{"line":72,"column":5}},{"start":{"line":64,"column":4},"end":{"line":72,"column":5}}],"line":64},"13":{"loc":{"start":{"line":64,"column":8},"end":{"line":66,"column":32}},"type":"binary-expr","locations":[{"start":{"line":64,"column":8},"end":{"line":64,"column":29}},{"start":{"line":65,"column":11},"end":{"line":65,"column":32}},{"start":{"line":66,"column":11},"end":{"line":66,"column":32}}],"line":64},"14":{"loc":{"start":{"line":76,"column":4},"end":{"line":84,"column":5}},"type":"if","locations":[{"start":{"line":76,"column":4},"end":{"line":84,"column":5}},{"start":{"line":76,"column":4},"end":{"line":84,"column":5}}],"line":76},"15":{"loc":{"start":{"line":76,"column":8},"end":{"line":78,"column":32}},"type":"binary-expr","locations":[{"start":{"line":76,"column":8},"end":{"line":76,"column":29}},{"start":{"line":77,"column":11},"end":{"line":77,"column":32}},{"start":{"line":78,"column":11},"end":{"line":78,"column":32}}],"line":76},"16":{"loc":{"start":{"line":85,"column":4},"end":{"line":93,"column":5}},"type":"if","locations":[{"start":{"line":85,"column":4},"end":{"line":93,"column":5}},{"start":{"line":85,"column":4},"end":{"line":93,"column":5}}],"line":85},"17":{"loc":{"start":{"line":85,"column":8},"end":{"line":87,"column":32}},"type":"binary-expr","locations":[{"start":{"line":85,"column":8},"end":{"line":85,"column":29}},{"start":{"line":86,"column":11},"end":{"line":86,"column":32}},{"start":{"line":87,"column":11},"end":{"line":87,"column":32}}],"line":85},"18":{"loc":{"start":{"line":97,"column":4},"end":{"line":102,"column":5}},"type":"if","locations":[{"start":{"line":97,"column":4},"end":{"line":102,"column":5}},{"start":{"line":97,"column":4},"end":{"line":102,"column":5}}],"line":97},"19":{"loc":{"start":{"line":97,"column":8},"end":{"line":97,"column":28}},"type":"binary-expr","locations":[{"start":{"line":97,"column":8},"end":{"line":97,"column":16}},{"start":{"line":97,"column":20},"end":{"line":97,"column":28}}],"line":97},"20":{"loc":{"start":{"line":104,"column":4},"end":{"line":106,"column":5}},"type":"if","locations":[{"start":{"line":104,"column":4},"end":{"line":106,"column":5}},{"start":{"line":104,"column":4},"end":{"line":106,"column":5}}],"line":104},"21":{"loc":{"start":{"line":108,"column":4},"end":{"line":110,"column":5}},"type":"if","locations":[{"start":{"line":108,"column":4},"end":{"line":110,"column":5}},{"start":{"line":108,"column":4},"end":{"line":110,"column":5}}],"line":108},"22":{"loc":{"start":{"line":112,"column":4},"end":{"line":114,"column":5}},"type":"if","locations":[{"start":{"line":112,"column":4},"end":{"line":114,"column":5}},{"start":{"line":112,"column":4},"end":{"line":114,"column":5}}],"line":112},"23":{"loc":{"start":{"line":115,"column":4},"end":{"line":119,"column":5}},"type":"if","locations":[{"start":{"line":115,"column":4},"end":{"line":119,"column":5}},{"start":{"line":115,"column":4},"end":{"line":119,"column":5}}],"line":115}},"s":{"0":1,"1":1,"2":1,"3":1,"4":1,"5":1,"6":1,"7":3,"8":1,"9":2,"10":1,"11":2,"12":0,"13":2,"14":2,"15":2,"16":1,"17":0,"18":0,"19":0,"20":0,"21":0,"22":0,"23":0,"24":1,"25":0,"26":0,"27":0,"28":0,"29":0,"30":0,"31":0,"32":1,"33":0,"34":0,"35":0,"36":0,"37":0,"38":1,"39":0,"40":0,"41":0,"42":0,"43":0,"44":0,"45":0,"46":0,"47":0,"48":0,"49":0,"50":0,"51":0,"52":0,"53":1,"54":0,"55":0,"56":0,"57":1},"f":{"0":1,"1":1,"2":3,"3":2,"4":2,"5":0,"6":0,"7":0,"8":0,"9":0},"b":{"0":[2,2],"1":[0,2],"2":[0,0],"3":[0,0,0],"4":[0,0],"5":[0,0,0],"6":[0,0],"7":[0,0,0],"8":[0,0],"9":[0,0,0],"10":[0,0],"11":[0,0,0],"12":[0,0],"13":[0,0,0],"14":[0,0],"15":[0,0,0],"16":[0,0],"17":[0,0,0],"18":[0,0],"19":[0,0],"20":[0,0],"21":[0,0],"22":[0,0],"23":[0,0]},"_coverageSchema":"1a1c01bbd47fc00a2c39e90264f33305004495a9","hash":"ef12474254ea43e5fb82ed43e529264537589ce5"}
}
